<?xml version="1.0" encoding="UTF-8"?>
<!-- Generated by org.testng.reporters.JUnitReportReporter -->
<testsuite skipped="0" hostname="DESKTOP-FV0I4VU" name="org.rsaTest.DemoTest" tests="2" failures="0" timestamp="2021-01-06T05:06:06 EST" time="14.848" errors="0">
  <testcase name="flightTest" time="6.156" classname="org.rsaTest.DemoTest"/>
  <system-out/>
  <testcase name="flightTest" time="8.692" classname="org.rsaTest.DemoTest"/>
  <system-out/>
</testsuite> <!-- org.rsaTest.DemoTest -->
